<?xml version="1.0" encoding="UTF-8"?>
<testsuite xmlns:xsi="http://www.w3.org/2001/XMLSchema-instance" xsi:noNamespaceSchemaLocation="https://maven.apache.org/surefire/maven-surefire-plugin/xsd/surefire-test-report.xsd" version="3.0.2" name="com.example.TallerReceso.TallerRecesoApplicationTests" time="19.452" tests="1" errors="0" skipped="0" failures="0">
  <properties>
[...]
</properties>
  <testcase name="contextLoads" classname="com.example.TallerReceso.TallerRecesoApplicationTests" time="0.055">
    <system-out><![CDATA[20:18:35.144 [main] INFO org.springframework.test.context.support.AnnotationConfigContextLoaderUtils -- Could not detect default configuration classes for test class [com.example.TallerReceso.TallerRecesoApplicationTests]: TallerRecesoApplicationTests does not declare any static, non-private, non-final, nested classes annotated with @Configuration.
20:18:35.800 [main] INFO org.springframework.boot.test.context.SpringBootTestContextBootstrapper -- Found @SpringBootConfiguration com.example.TallerReceso.TallerRecesoApplication for test class com.example.TallerReceso.TallerRecesoApplicationTests

  .   ____          _            __ _ _
 /\\ / ___'_ __ _ _(_)_ __  __ _ \ \ \ \
( ( )\___ | '_ | '_| | '_ \/ _` | \ \ \ \
 \\/  ___)| |_)| | | | | || (_| |  ) ) ) )
  '  |____| .__|_| |_|_| |_\__, | / / / /
 =========|_|==============|___/=/_/_/_/

 :: Spring Boot ::                (v3.5.5)

2025-10-30T20:18:38.636-05:00  INFO 30617 --- [TallerReceso] [           main] c.e.T.TallerRecesoApplicationTests       : Starting TallerRecesoApplicationTests using Java 17.0.16 with PID 30617 (started by juancarlos in /Users/juancarlos/Desktop/Taller_Receso_Juan_Leal)
2025-10-30T20:18:38.644-05:00  INFO 30617 --- [TallerReceso] [           main] c.e.T.TallerRecesoApplicationTests       : No active profile set, falling back to 1 default profile: "default"
2025-10-30T20:18:43.981-05:00  INFO 30617 --- [TallerReceso] [           main] .s.d.r.c.RepositoryConfigurationDelegate : Bootstrapping Spring Data MongoDB repositories in DEFAULT mode.
2025-10-30T20:18:44.256-05:00  INFO 30617 --- [TallerReceso] [           main] .s.d.r.c.RepositoryConfigurationDelegate : Finished Spring Data repository scanning in 240 ms. Found 5 MongoDB repository interfaces.
2025-10-30T20:18:46.688-05:00  INFO 30617 --- [TallerReceso] [v9c.mongodb.net] org.mongodb.driver.cluster               : Adding discovered server ac-owgczrm-shard-00-01.dxffv9c.mongodb.net:27017 to client view of cluster
2025-10-30T20:18:46.810-05:00  INFO 30617 --- [TallerReceso] [           main] org.mongodb.driver.client                : MongoClient with metadata {"driver": {"name": "mongo-java-driver|sync|spring-boot", "version": "4.10.2"}, "os": {"type": "Darwin", "name": "Mac OS X", "architecture": "x86_64", "version": "12.7.6"}, "platform": "Java/Eclipse Adoptium/17.0.16+8", "application": {"name": "TallerReceso"}} created with settings MongoClientSettings{readPreference=primary, writeConcern=WriteConcern{w=null, wTimeout=null ms, journal=null}, retryWrites=true, retryReads=true, readConcern=ReadConcern{level=null}, credential=MongoCredential{mechanism=null, userName='juanlcruz_db_user', source='admin', password=<hidden>, mechanismProperties=<hidden>}, streamFactoryFactory=null, commandListeners=[], codecRegistry=ProvidersCodecRegistry{codecProviders=[ValueCodecProvider{}, BsonValueCodecProvider{}, DBRefCodecProvider{}, DBObjectCodecProvider{}, DocumentCodecProvider{}, CollectionCodecProvider{}, IterableCodecProvider{}, MapCodecProvider{}, GeoJsonCodecProvider{}, GridFSFileCodecProvider{}, Jsr310CodecProvider{}, JsonObjectCodecProvider{}, BsonCodecProvider{}, EnumCodecProvider{}, com.mongodb.client.model.mql.ExpressionCodecProvider@7fcbb24b, com.mongodb.Jep395RecordCodecProvider@58b69176, com.mongodb.KotlinCodecProvider@1e8b3a8]}, loggerSettings=LoggerSettings{maxDocumentLength=1000}, clusterSettings={hosts=[127.0.0.1:27017], srvHost=tallerreceso.dxffv9c.mongodb.net, srvServiceName=mongodb, mode=MULTIPLE, requiredClusterType=REPLICA_SET, requiredReplicaSetName='atlas-c5x3q8-shard-0', serverSelector='null', clusterListeners='[]', serverSelectionTimeout='30000 ms', localThreshold='30000 ms'}, socketSettings=SocketSettings{connectTimeoutMS=10000, readTimeoutMS=0, receiveBufferSize=0, sendBufferSize=0}, heartbeatSocketSettings=SocketSettings{connectTimeoutMS=10000, readTimeoutMS=10000, receiveBufferSize=0, sendBufferSize=0}, connectionPoolSettings=ConnectionPoolSettings{maxSize=100, minSize=0, maxWaitTimeMS=120000, maxConnectionLifeTimeMS=0, maxConnectionIdleTimeMS=0, maintenanceInitialDelayMS=0, maintenanceFrequencyMS=60000, connectionPoolListeners=[], maxConnecting=2}, serverSettings=ServerSettings{heartbeatFrequencyMS=10000, minHeartbeatFrequencyMS=500, serverListeners='[]', serverMonitorListeners='[]'}, sslSettings=SslSettings{enabled=true, invalidHostNameAllowed=false, context=null}, applicationName='TallerReceso', compressorList=[], uuidRepresentation=JAVA_LEGACY, serverApi=null, autoEncryptionSettings=null, dnsClient=null, inetAddressResolver=null, contextProvider=null}
2025-10-30T20:18:46.905-05:00  INFO 30617 --- [TallerReceso] [v9c.mongodb.net] org.mongodb.driver.cluster               : Adding discovered server ac-owgczrm-shard-00-02.dxffv9c.mongodb.net:27017 to client view of cluster
2025-10-30T20:18:46.912-05:00  INFO 30617 --- [TallerReceso] [v9c.mongodb.net] org.mongodb.driver.cluster               : Adding discovered server ac-owgczrm-shard-00-00.dxffv9c.mongodb.net:27017 to client view of cluster
2025-10-30T20:18:48.881-05:00  INFO 30617 --- [TallerReceso] [ngodb.net:27017] org.mongodb.driver.cluster               : Monitor thread successfully connected to server with description ServerDescription{address=ac-owgczrm-shard-00-02.dxffv9c.mongodb.net:27017, type=REPLICA_SET_SECONDARY, state=CONNECTED, ok=true, minWireVersion=0, maxWireVersion=25, maxDocumentSize=16777216, logicalSessionTimeoutMinutes=30, roundTripTimeNanos=954084177, setName='atlas-c5x3q8-shard-0', canonicalAddress=ac-owgczrm-shard-00-02.dxffv9c.mongodb.net:27017, hosts=[ac-owgczrm-shard-00-01.dxffv9c.mongodb.net:27017, ac-owgczrm-shard-00-02.dxffv9c.mongodb.net:27017, ac-owgczrm-shard-00-00.dxffv9c.mongodb.net:27017], passives=[], arbiters=[], primary='ac-owgczrm-shard-00-01.dxffv9c.mongodb.net:27017', tagSet=TagSet{[Tag{name='availabilityZone', value='use1-az1'}, Tag{name='diskState', value='READY'}, Tag{name='nodeType', value='ELECTABLE'}, Tag{name='provider', value='AWS'}, Tag{name='region', value='US_EAST_1'}, Tag{name='workloadType', value='OPERATIONAL'}]}, electionId=null, setVersion=157, topologyVersion=TopologyVersion{processId=68f7ee8611e89ebfd88828d6, counter=3}, lastWriteDate=Thu Oct 30 20:18:48 COT 2025, lastUpdateTimeNanos=561751132071931}
2025-10-30T20:18:48.881-05:00  INFO 30617 --- [TallerReceso] [ngodb.net:27017] org.mongodb.driver.cluster               : Monitor thread successfully connected to server with description ServerDescription{address=ac-owgczrm-shard-00-01.dxffv9c.mongodb.net:27017, type=REPLICA_SET_PRIMARY, state=CONNECTED, ok=true, minWireVersion=0, maxWireVersion=25, maxDocumentSize=16777216, logicalSessionTimeoutMinutes=30, roundTripTimeNanos=955266135, setName='atlas-c5x3q8-shard-0', canonicalAddress=ac-owgczrm-shard-00-01.dxffv9c.mongodb.net:27017, hosts=[ac-owgczrm-shard-00-01.dxffv9c.mongodb.net:27017, ac-owgczrm-shard-00-02.dxffv9c.mongodb.net:27017, ac-owgczrm-shard-00-00.dxffv9c.mongodb.net:27017], passives=[], arbiters=[], primary='ac-owgczrm-shard-00-01.dxffv9c.mongodb.net:27017', tagSet=TagSet{[Tag{name='availabilityZone', value='use1-az6'}, Tag{name='diskState', value='READY'}, Tag{name='nodeType', value='ELECTABLE'}, Tag{name='provider', value='AWS'}, Tag{name='region', value='US_EAST_1'}, Tag{name='workloadType', value='OPERATIONAL'}]}, electionId=7fffffff00000000000001bd, setVersion=157, topologyVersion=TopologyVersion{processId=68f7eb4c3a4e1d21cb40d6f8, counter=6}, lastWriteDate=Thu Oct 30 20:18:48 COT 2025, lastUpdateTimeNanos=561751132887140}
2025-10-30T20:18:48.883-05:00  INFO 30617 --- [TallerReceso] [ngodb.net:27017] org.mongodb.driver.cluster               : Monitor thread successfully connected to server with description ServerDescription{address=ac-owgczrm-shard-00-00.dxffv9c.mongodb.net:27017, type=REPLICA_SET_SECONDARY, state=CONNECTED, ok=true, minWireVersion=0, maxWireVersion=25, maxDocumentSize=16777216, logicalSessionTimeoutMinutes=30, roundTripTimeNanos=955047088, setName='atlas-c5x3q8-shard-0', canonicalAddress=ac-owgczrm-shard-00-00.dxffv9c.mongodb.net:27017, hosts=[ac-owgczrm-shard-00-01.dxffv9c.mongodb.net:27017, ac-owgczrm-shard-00-02.dxffv9c.mongodb.net:27017, ac-owgczrm-shard-00-00.dxffv9c.mongodb.net:27017], passives=[], arbiters=[], primary='ac-owgczrm-shard-00-01.dxffv9c.mongodb.net:27017', tagSet=TagSet{[Tag{name='availabilityZone', value='use1-az4'}, Tag{name='diskState', value='READY'}, Tag{name='nodeType', value='ELECTABLE'}, Tag{name='provider', value='AWS'}, Tag{name='region', value='US_EAST_1'}, Tag{name='workloadType', value='OPERATIONAL'}]}, electionId=null, setVersion=157, topologyVersion=TopologyVersion{processId=68f7e8b29845bc3fcfe8c79a, counter=4}, lastWriteDate=Thu Oct 30 20:18:48 COT 2025, lastUpdateTimeNanos=561751132979880}
2025-10-30T20:18:48.916-05:00  INFO 30617 --- [TallerReceso] [ngodb.net:27017] org.mongodb.driver.cluster               : Discovered replica set primary ac-owgczrm-shard-00-01.dxffv9c.mongodb.net:27017 with max election id 7fffffff00000000000001bd and max set version 157
2025-10-30T20:18:50.477-05:00  WARN 30617 --- [TallerReceso] [           main] .s.s.UserDetailsServiceAutoConfiguration : 

Using generated security password: c6c40b9c-dedd-4dad-98be-de2327f2b930

This generated password is for development use only. Your security configuration must be updated before running your application in production.

2025-10-30T20:18:50.532-05:00  INFO 30617 --- [TallerReceso] [           main] r$InitializeUserDetailsManagerConfigurer : Global AuthenticationManager configured with UserDetailsService bean with name inMemoryUserDetailsManager
2025-10-30T20:18:51.497-05:00  INFO 30617 --- [TallerReceso] [           main] o.s.v.b.OptionalValidatorFactoryBean     : Failed to set up a Bean Validation provider: jakarta.validation.NoProviderFoundException: Unable to create a Configuration, because no Jakarta Bean Validation provider could be found. Add a provider like Hibernate Validator (RI) to your classpath.
2025-10-30T20:18:53.572-05:00  INFO 30617 --- [TallerReceso] [           main] c.e.T.TallerRecesoApplicationTests       : Started TallerRecesoApplicationTests in 16.834 seconds (process running for 31.182)
]]></system-out>
  </testcase>
</testsuite>